<?xml version="1.0" encoding="UTF-8"?>
<!-- Generated by org.testng.reporters.JUnitReportReporter -->
<testsuite hostname="DESKTOP-V3NDRRH" failures="0" tests="1" name="testCases.TC_005_LogOutTest" time="1.875" errors="0" timestamp="2025-03-29T13:03:17 IST" skipped="0">
  <testcase classname="testCases.TC_005_LogOutTest" name="verify_LogOutTest" time="1.875"/>
</testsuite> <!-- testCases.TC_005_LogOutTest -->
