<?xml version="1.0" encoding="UTF-8"?>
<!-- Generated by org.testng.reporters.JUnitReportReporter -->
<testsuite hostname="DESKTOP-V3NDRRH" failures="0" tests="1" name="testCases.AccountRegistrationTest01" time="2.040" errors="0" timestamp="2025-03-29T12:36:14 IST" skipped="0">
  <testcase classname="testCases.AccountRegistrationTest01" name="verify_account_registration" time="2.040"/>
</testsuite> <!-- testCases.AccountRegistrationTest01 -->
