<?xml version="1.0" encoding="UTF-8"?>
<!-- Generated by org.testng.reporters.JUnitReportReporter -->
<testsuite hostname="DESKTOP-V3NDRRH" failures="0" tests="1" name="testCases.LoginTest_02" time="1.700" errors="0" timestamp="2025-03-29T13:03:17 IST" skipped="0">
  <testcase classname="testCases.LoginTest_02" name="verify_login" time="1.700"/>
</testsuite> <!-- testCases.LoginTest_02 -->
