<?xml version="1.0" encoding="UTF-8"?>
<!-- Generated by org.testng.reporters.JUnitReportReporter -->
<testsuite hostname="DESKTOP-V3NDRRH" failures="0" tests="1" name="testCases.TC_007_Verify_search_funtionality" time="0.482" errors="0" timestamp="2025-04-01T11:20:46 IST" skipped="0">
  <testcase classname="testCases.TC_007_Verify_search_funtionality" name="SearchFuntionality" time="0.482"/>
</testsuite> <!-- testCases.TC_007_Verify_search_funtionality -->
