<?xml version="1.0" encoding="UTF-8"?>
<!-- Generated by org.testng.reporters.JUnitReportReporter -->
<testsuite hostname="DESKTOP-V3NDRRH" failures="0" tests="3" name="testCases.LoginTest_02" time="4.197" errors="0" timestamp="2025-03-26T12:28:00 IST" skipped="0">
  <testcase classname="testCases.LoginTest_02" name="verify_login" time="1.256"/>
  <testcase classname="testCases.LoginTest_02" name="verify_login" time="1.250"/>
  <testcase classname="testCases.LoginTest_02" name="verify_login" time="1.691"/>
</testsuite> <!-- testCases.LoginTest_02 -->
