<?xml version="1.0" encoding="UTF-8"?>
<!-- Generated by org.testng.reporters.JUnitReportReporter -->
<testsuite hostname="DESKTOP-V3NDRRH" failures="0" tests="1" name="testCases.TC_005_LogOutTest" time="1.686" errors="0" timestamp="2025-03-29T12:36:14 IST" skipped="0">
  <testcase classname="testCases.TC_005_LogOutTest" name="verify_LogOutTest" time="1.686"/>
</testsuite> <!-- testCases.TC_005_LogOutTest -->
