<?xml version="1.0" encoding="UTF-8"?>
<!-- Generated by org.testng.reporters.JUnitReportReporter -->
<testsuite hostname="DESKTOP-V3NDRRH" failures="0" tests="1" name="testCases.TC_006_Forgot_Password" time="2.223" errors="0" timestamp="2025-03-29T13:03:17 IST" skipped="0">
  <testcase classname="testCases.TC_006_Forgot_Password" name="verify_Forgot_PasswordFuntionality" time="2.223"/>
</testsuite> <!-- testCases.TC_006_Forgot_Password -->
